This is pdfTeX, Version 3.14159265-2.6-1.40.18 (TeX Live 2017) (preloaded format=pdflatex 2017.12.1)  4 MAR 2020 17:33
entering extended mode
 restricted \write18 enabled.
 %&-line parsing enabled.
**uavg.tex
(./uavg.tex
LaTeX2e <2017-04-15>
Babel <3.10> and hyphenation patterns for 84 language(s) loaded.
(./template/jfm.cls

LaTeX Warning: You have requested document class `./template/jfm',
               but the document class provides `jfm'.

Document Class: jfm 2007/03/13 v1.28 Journal of Fluid Mechanics document class
(/usr/local/texlive/2017/texmf-dist/tex/latex/graphics/graphicx.sty
Package: graphicx 2014/10/28 v1.0g Enhanced LaTeX Graphics (DPC,SPQR)

(/usr/local/texlive/2017/texmf-dist/tex/latex/graphics/keyval.sty
Package: keyval 2014/10/28 v1.15 key=value parser (DPC)
\KV@toks@=\toks14
)
(/usr/local/texlive/2017/texmf-dist/tex/latex/graphics/graphics.sty
Package: graphics 2017/04/14 v1.1b Standard LaTeX Graphics (DPC,SPQR)

(/usr/local/texlive/2017/texmf-dist/tex/latex/graphics/trig.sty
Package: trig 2016/01/03 v1.10 sin cos tan (DPC)
)
(/usr/local/texlive/2017/texmf-dist/tex/latex/graphics-cfg/graphics.cfg
File: graphics.cfg 2016/06/04 v1.11 sample graphics configuration
)
Package graphics Info: Driver file: pdftex.def on input line 99.

(/usr/local/texlive/2017/texmf-dist/tex/latex/graphics-def/pdftex.def
File: pdftex.def 2017/01/12 v0.06k Graphics/color for pdfTeX

(/usr/local/texlive/2017/texmf-dist/tex/generic/oberdiek/infwarerr.sty
Package: infwarerr 2016/05/16 v1.4 Providing info/warning/error messages (HO)
)
(/usr/local/texlive/2017/texmf-dist/tex/generic/oberdiek/ltxcmds.sty
Package: ltxcmds 2016/05/16 v1.23 LaTeX kernel commands for general use (HO)
)
\Gread@gobject=\count79
))
\Gin@req@height=\dimen102
\Gin@req@width=\dimen103
)
(/usr/local/texlive/2017/texmf-dist/tex/latex/etoolbox/etoolbox.sty
Package: etoolbox 2017/01/02 v2.4 e-TeX tools for LaTeX (JAW)
\etb@tempcnta=\count80
)
LaTeX Info: Redefining \textsfbi on input line 184.
LaTeX Font Info:    Redeclaring math alphabet \mathsfbi on input line 184.
LaTeX Font Info:    Overwriting math alphabet `\mathsfbi' in version `normal'
(Font)                  OT1/cmss/m/sl --> T1/phv/b/it on input line 184.
LaTeX Font Info:    Overwriting math alphabet `\mathsfbi' in version `bold'
(Font)                  OT1/cmss/m/sl --> T1/phv/b/it on input line 184.
LaTeX Info: Redefining \textsfbi on input line 188.
LaTeX Font Info:    Redeclaring math alphabet \mathsfbi on input line 188.
LaTeX Font Info:    Overwriting math alphabet `\mathsfbi' in version `normal'
(Font)                  T1/phv/b/it --> OT1/phv/b/it on input line 188.
LaTeX Font Info:    Overwriting math alphabet `\mathsfbi' in version `bold'
(Font)                  T1/phv/b/it --> OT1/phv/b/it on input line 188.
\halflineskip=\skip41
\affilskip=\skip42
\c@part=\count81
\c@section=\count82
\c@subsection=\count83
\c@subsubsection=\count84
\c@paragraph=\count85
\@indentskip=\skip43
\smallindent=\skip44
\@footindent=\skip45
\@leftskip=\skip46
\proofbox=\box26
\rpbdim=\skip47
\@stequation=\toks15
\c@subequation=\count86
\c@table=\count87
\c@figure=\count88
LaTeX Info: Redefining \cite on input line 1157.
\astrutbox=\box27


Found the 'amsbsy' package on the system, using it.

(/usr/local/texlive/2017/texmf-dist/tex/latex/amsmath/amsbsy.sty
Package: amsbsy 1999/11/29 v1.2d Bold Symbols

(/usr/local/texlive/2017/texmf-dist/tex/latex/amsmath/amsgen.sty
File: amsgen.sty 1999/11/30 v2.0 generic functions
\@emptytoks=\toks16
\ex@=\dimen104
)
\pmbraise@=\dimen105
)


Found AMS Euler Roman fonts on the system, but you dont seem to have the
'upmath' package installed. JFM.cls can take advantage of these fonts,
if you use 'upmath' package.




Found AMS Symbol fonts on the system, using the 'amssymb' package.

(/usr/local/texlive/2017/texmf-dist/tex/latex/amsfonts/amssymb.sty
Package: amssymb 2013/01/14 v3.01 AMS font symbols

(/usr/local/texlive/2017/texmf-dist/tex/latex/amsfonts/amsfonts.sty
Package: amsfonts 2013/01/14 v3.01 Basic AMSFonts support
\symAMSa=\mathgroup4
\symAMSb=\mathgroup5
LaTeX Font Info:    Overwriting math alphabet `\mathfrak' in version `bold'
(Font)                  U/euf/m/n --> U/euf/b/n on input line 106.
)))
(/usr/local/texlive/2017/texmf-dist/tex/latex/natbib/natbib.sty
Package: natbib 2010/09/13 8.31b (PWD, AO)
\bibhang=\skip48
\bibsep=\skip49
LaTeX Info: Redefining \cite on input line 694.
\c@NAT@ctr=\count89
) (./uavg.aux)
\openout1 = `uavg.aux'.

LaTeX Font Info:    Checking defaults for OML/cmm/m/it on input line 5.
LaTeX Font Info:    ... okay on input line 5.
LaTeX Font Info:    Checking defaults for T1/cmr/m/n on input line 5.
LaTeX Font Info:    ... okay on input line 5.
LaTeX Font Info:    Checking defaults for OT1/cmr/m/n on input line 5.
LaTeX Font Info:    ... okay on input line 5.
LaTeX Font Info:    Checking defaults for OMS/cmsy/m/n on input line 5.
LaTeX Font Info:    ... okay on input line 5.
LaTeX Font Info:    Checking defaults for OMX/cmex/m/n on input line 5.
LaTeX Font Info:    ... okay on input line 5.
LaTeX Font Info:    Checking defaults for U/cmr/m/n on input line 5.
LaTeX Font Info:    ... okay on input line 5.

(/usr/local/texlive/2017/texmf-dist/tex/context/base/mkii/supp-pdf.mkii
[Loading MPS to PDF converter (version 2006.09.02).]
\scratchcounter=\count90
\scratchdimen=\dimen106
\scratchbox=\box28
\nofMPsegments=\count91
\nofMParguments=\count92
\everyMPshowfont=\toks17
\MPscratchCnt=\count93
\MPscratchDim=\dimen107
\MPnumerator=\count94
\makeMPintoPDFobject=\count95
\everyMPtoPDFconversion=\toks18
) (/usr/local/texlive/2017/texmf-dist/tex/generic/oberdiek/pdftexcmds.sty
Package: pdftexcmds 2017/03/19 v0.25 Utility functions of pdfTeX for LuaTeX (HO
)

(/usr/local/texlive/2017/texmf-dist/tex/generic/oberdiek/ifluatex.sty
Package: ifluatex 2016/05/16 v1.4 Provides the ifluatex switch (HO)
Package ifluatex Info: LuaTeX not detected.
)
(/usr/local/texlive/2017/texmf-dist/tex/generic/oberdiek/ifpdf.sty
Package: ifpdf 2017/03/15 v3.2 Provides the ifpdf switch
)
Package pdftexcmds Info: LuaTeX not detected.
Package pdftexcmds Info: \pdf@primitive is available.
Package pdftexcmds Info: \pdf@ifprimitive is available.
Package pdftexcmds Info: \pdfdraftmode found.
)
(/usr/local/texlive/2017/texmf-dist/tex/latex/oberdiek/epstopdf-base.sty
Package: epstopdf-base 2016/05/15 v2.6 Base part for package epstopdf

(/usr/local/texlive/2017/texmf-dist/tex/latex/oberdiek/grfext.sty
Package: grfext 2016/05/16 v1.2 Manage graphics extensions (HO)

(/usr/local/texlive/2017/texmf-dist/tex/generic/oberdiek/kvdefinekeys.sty
Package: kvdefinekeys 2016/05/16 v1.4 Define keys (HO)
))
(/usr/local/texlive/2017/texmf-dist/tex/latex/oberdiek/kvoptions.sty
Package: kvoptions 2016/05/16 v3.12 Key value format for package options (HO)

(/usr/local/texlive/2017/texmf-dist/tex/generic/oberdiek/kvsetkeys.sty
Package: kvsetkeys 2016/05/16 v1.17 Key value parser (HO)

(/usr/local/texlive/2017/texmf-dist/tex/generic/oberdiek/etexcmds.sty
Package: etexcmds 2016/05/16 v1.6 Avoid name clashes with e-TeX commands (HO)
Package etexcmds Info: Could not find \expanded.
(etexcmds)             That can mean that you are not using pdfTeX 1.50 or
(etexcmds)             that some package has redefined \expanded.
(etexcmds)             In the latter case, load this package earlier.
)))
Package epstopdf-base Info: Redefining graphics rule for `.eps' on input line 4
38.
Package grfext Info: Graphics extension search list:
(grfext)             [.png,.pdf,.jpg,.mps,.jpeg,.jbig2,.jb2,.PNG,.PDF,.JPG,.JPE
G,.JBIG2,.JB2,.eps]
(grfext)             \AppendGraphicsExtensions on input line 456.

(/usr/local/texlive/2017/texmf-dist/tex/latex/latexconfig/epstopdf-sys.cfg
File: epstopdf-sys.cfg 2010/07/13 v1.3 Configuration of (r)epstopdf for TeX Liv
e
))
<../figs/uavg_raw_bg.png, id=1, 156.08313pt x 117.43875pt>
File: ../figs/uavg_raw_bg.png Graphic file (type png)

<use ../figs/uavg_raw_bg.png>
Package pdftex.def Info: ../figs/uavg_raw_bg.png used on input line 10.
(pdftex.def)             Requested size: 149.84047pt x 112.74168pt.

<../figs/uavg_raw.pdf, id=2, 189.70876pt x 147.55125pt>
File: ../figs/uavg_raw.pdf Graphic file (type pdf)

<use ../figs/uavg_raw.pdf>
Package pdftex.def Info: ../figs/uavg_raw.pdf used on input line 11.
(pdftex.def)             Requested size: 189.70828pt x 147.55087pt.
 [1
Non-PDF special ignored! <../figs/uavg_raw_bg.png (PNG copy)> <../figs/uavg_raw
.pdf>] (./uavg.aux) ) 
Here is how much of TeX's memory you used:
 2690 strings out of 492995
 34643 string characters out of 6132704
 95055 words of memory out of 5000000
 6237 multiletter control sequences out of 15000+600000
 4128 words of font info for 16 fonts, out of 8000000 for 9000
 1141 hyphenation exceptions out of 8191
 39i,8n,28p,803b,163s stack positions out of 5000i,500n,10000p,200000b,80000s

Output written on uavg.pdf (1 page, 18963 bytes).
PDF statistics:
 12 PDF objects out of 1000 (max. 8388607)
 6 compressed objects within 1 object stream
 0 named destinations out of 1000 (max. 500000)
 11 words of extra memory for PDF output out of 10000 (max. 10000000)

